<?xml version="1.0" encoding="UTF-8"?>
<coverage generated="1766064321210" clover="3.2.0">
  <project timestamp="1766064321210" name="All files">
    <metrics statements="46" coveredstatements="35" conditionals="16" coveredconditionals="8" methods="20" coveredmethods="14" elements="82" coveredelements="57" complexity="0" loc="46" ncloc="46" packages="3" files="5" classes="5"/>
    <package name="components">
      <metrics statements="4" coveredstatements="4" conditionals="0" coveredconditionals="0" methods="2" coveredmethods="2"/>
      <file name="ClientCard.jsx" path="C:\Users\Julio A\Documents\DUOC\Desarrollo Frontend II\Experiencia de aprendizaje 3\Semana 9\veterinaria-cuidado-animal\src\components\ClientCard.jsx">
        <metrics statements="2" coveredstatements="2" conditionals="0" coveredconditionals="0" methods="1" coveredmethods="1"/>
        <line num="4" count="1" type="stmt"/>
        <line num="5" count="2" type="stmt"/>
      </file>
      <file name="Layout.jsx" path="C:\Users\Julio A\Documents\DUOC\Desarrollo Frontend II\Experiencia de aprendizaje 3\Semana 9\veterinaria-cuidado-animal\src\components\Layout.jsx">
        <metrics statements="2" coveredstatements="2" conditionals="0" coveredconditionals="0" methods="1" coveredmethods="1"/>
        <line num="4" count="1" type="stmt"/>
        <line num="5" count="1" type="stmt"/>
      </file>
    </package>
    <package name="pages">
      <metrics statements="30" coveredstatements="22" conditionals="12" coveredconditionals="7" methods="10" coveredmethods="7"/>
      <file name="AppointmentDetail.jsx" path="C:\Users\Julio A\Documents\DUOC\Desarrollo Frontend II\Experiencia de aprendizaje 3\Semana 9\veterinaria-cuidado-animal\src\pages\AppointmentDetail.jsx">
        <metrics statements="15" coveredstatements="9" conditionals="4" coveredconditionals="1" methods="4" coveredmethods="2"/>
        <line num="6" count="1" type="stmt"/>
        <line num="7" count="1" type="stmt"/>
        <line num="8" count="1" type="stmt"/>
        <line num="9" count="1" type="stmt"/>
        <line num="11" count="1" type="stmt"/>
        <line num="12" count="1" type="stmt"/>
        <line num="13" count="1" type="stmt"/>
        <line num="15" count="1" type="stmt"/>
        <line num="17" count="0" type="stmt"/>
        <line num="18" count="0" type="stmt"/>
        <line num="21" count="0" type="stmt"/>
        <line num="22" count="0" type="stmt"/>
        <line num="26" count="1" type="cond" truecount="1" falsecount="1"/>
        <line num="27" count="0" type="cond" truecount="0" falsecount="2"/>
        <line num="29" count="0" type="stmt"/>
      </file>
      <file name="Home.jsx" path="C:\Users\Julio A\Documents\DUOC\Desarrollo Frontend II\Experiencia de aprendizaje 3\Semana 9\veterinaria-cuidado-animal\src\pages\Home.jsx">
        <metrics statements="15" coveredstatements="13" conditionals="8" coveredconditionals="6" methods="6" coveredmethods="5"/>
        <line num="6" count="2" type="stmt"/>
        <line num="7" count="2" type="stmt"/>
        <line num="8" count="2" type="stmt"/>
        <line num="10" count="2" type="stmt"/>
        <line num="11" count="1" type="stmt"/>
        <line num="13" count="1" type="stmt"/>
        <line num="14" count="1" type="stmt"/>
        <line num="17" count="0" type="stmt"/>
        <line num="18" count="0" type="stmt"/>
        <line num="22" count="2" type="cond" truecount="2" falsecount="0"/>
        <line num="23" count="1" type="cond" truecount="1" falsecount="1"/>
        <line num="25" count="1" type="stmt"/>
        <line num="26" count="5" type="stmt"/>
        <line num="29" count="1" type="stmt"/>
        <line num="41" count="6" type="stmt"/>
      </file>
    </package>
    <package name="services">
      <metrics statements="12" coveredstatements="9" conditionals="4" coveredconditionals="1" methods="8" coveredmethods="5"/>
      <file name="appointmentsApi.js" path="C:\Users\Julio A\Documents\DUOC\Desarrollo Frontend II\Experiencia de aprendizaje 3\Semana 9\veterinaria-cuidado-animal\src\services\appointmentsApi.js">
        <metrics statements="12" coveredstatements="9" conditionals="4" coveredconditionals="1" methods="8" coveredmethods="5"/>
        <line num="1" count="2" type="stmt"/>
        <line num="88" count="2" type="stmt"/>
        <line num="89" count="1" type="stmt"/>
        <line num="90" count="1" type="stmt"/>
        <line num="91" count="1" type="cond" truecount="1" falsecount="1"/>
        <line num="92" count="0" type="stmt"/>
        <line num="94" count="1" type="stmt"/>
        <line num="100" count="2" type="stmt"/>
        <line num="101" count="1" type="stmt"/>
        <line num="102" count="1" type="stmt"/>
        <line num="103" count="0" type="stmt"/>
        <line num="104" count="0" type="cond" truecount="0" falsecount="2"/>
      </file>
    </package>
  </project>
</coverage>
