<?xml version="1.0" encoding="UTF-8"?>
<coverage generated="1766028131386" clover="3.2.0">
  <project timestamp="1766028131386" name="All files">
    <metrics statements="38" coveredstatements="29" conditionals="16" coveredconditionals="6" methods="14" coveredmethods="10" elements="68" coveredelements="45" complexity="0" loc="38" ncloc="38" packages="2" files="4" classes="4"/>
    <package name="components">
      <metrics statements="4" coveredstatements="4" conditionals="0" coveredconditionals="0" methods="2" coveredmethods="2"/>
      <file name="ClientCard.jsx" path="C:\Users\Julio A\Documents\DUOC\Desarrollo Frontend II\Experiencia de aprendizaje 3\Semana 9\veterinaria-cuidado-animal\src\components\ClientCard.jsx">
        <metrics statements="2" coveredstatements="2" conditionals="0" coveredconditionals="0" methods="1" coveredmethods="1"/>
        <line num="4" count="1" type="stmt"/>
        <line num="5" count="2" type="stmt"/>
      </file>
      <file name="Layout.jsx" path="C:\Users\Julio A\Documents\DUOC\Desarrollo Frontend II\Experiencia de aprendizaje 3\Semana 9\veterinaria-cuidado-animal\src\components\Layout.jsx">
        <metrics statements="2" coveredstatements="2" conditionals="0" coveredconditionals="0" methods="1" coveredmethods="1"/>
        <line num="4" count="1" type="stmt"/>
        <line num="5" count="1" type="stmt"/>
      </file>
    </package>
    <package name="pages">
      <metrics statements="34" coveredstatements="25" conditionals="16" coveredconditionals="6" methods="12" coveredmethods="8"/>
      <file name="AppointmentDetail.jsx" path="C:\Users\Julio A\Documents\DUOC\Desarrollo Frontend II\Experiencia de aprendizaje 3\Semana 9\veterinaria-cuidado-animal\src\pages\AppointmentDetail.jsx">
        <metrics statements="17" coveredstatements="11" conditionals="6" coveredconditionals="1" methods="5" coveredmethods="3"/>
        <line num="5" count="1" type="stmt"/>
        <line num="6" count="1" type="stmt"/>
        <line num="7" count="1" type="stmt"/>
        <line num="8" count="1" type="stmt"/>
        <line num="10" count="1" type="stmt"/>
        <line num="11" count="1" type="stmt"/>
        <line num="12" count="1" type="stmt"/>
        <line num="14" count="1" type="stmt"/>
        <line num="16" count="0" type="cond" truecount="0" falsecount="2"/>
        <line num="17" count="0" type="stmt"/>
        <line num="20" count="0" type="stmt"/>
        <line num="21" count="0" type="stmt"/>
        <line num="24" count="1" type="stmt"/>
        <line num="25" count="1" type="stmt"/>
        <line num="29" count="1" type="cond" truecount="1" falsecount="1"/>
        <line num="30" count="0" type="cond" truecount="0" falsecount="2"/>
        <line num="32" count="0" type="stmt"/>
      </file>
      <file name="Home.jsx" path="C:\Users\Julio A\Documents\DUOC\Desarrollo Frontend II\Experiencia de aprendizaje 3\Semana 9\veterinaria-cuidado-animal\src\pages\Home.jsx">
        <metrics statements="17" coveredstatements="14" conditionals="10" coveredconditionals="5" methods="7" coveredmethods="5"/>
        <line num="5" count="2" type="stmt"/>
        <line num="6" count="2" type="stmt"/>
        <line num="7" count="2" type="stmt"/>
        <line num="9" count="2" type="stmt"/>
        <line num="10" count="1" type="stmt"/>
        <line num="12" count="1" type="cond" truecount="1" falsecount="1"/>
        <line num="13" count="1" type="stmt"/>
        <line num="16" count="1" type="stmt"/>
        <line num="17" count="1" type="stmt"/>
        <line num="20" count="0" type="stmt"/>
        <line num="21" count="0" type="stmt"/>
        <line num="25" count="2" type="cond" truecount="2" falsecount="0"/>
        <line num="26" count="1" type="cond" truecount="1" falsecount="1"/>
        <line num="28" count="1" type="stmt"/>
        <line num="29" count="0" type="stmt"/>
        <line num="32" count="1" type="stmt"/>
        <line num="40" count="1" type="stmt"/>
      </file>
    </package>
  </project>
</coverage>
