{"C:\\Users\\Julio A\\Documents\\DUOC\\Desarrollo Frontend II\\Experiencia de aprendizaje 3\\Semana 9\\veterinaria-cuidado-animal\\src\\components\\ClientCard.jsx": {"path":"C:\\Users\\Julio A\\Documents\\DUOC\\Desarrollo Frontend II\\Experiencia de aprendizaje 3\\Semana 9\\veterinaria-cuidado-animal\\src\\components\\ClientCard.jsx","statementMap":{"0":{"start":{"line":4,"column":19},"end":{"line":24,"column":null}},"1":{"start":{"line":5,"column":2},"end":{"line":22,"column":null}}},"fnMap":{"0":{"name":"(anonymous_0)","decl":{"start":{"line":4,"column":19},"end":{"line":4,"column":20}},"loc":{"start":{"line":4,"column":40},"end":{"line":24,"column":null}},"line":4}},"branchMap":{},"s":{"0":1,"1":2},"f":{"0":2},"b":{},"meta":{"lastBranch":0,"lastFunction":1,"lastStatement":2,"seen":{"s:4:19:24:Infinity":0,"f:4:19:4:20":0,"s:5:2:22:Infinity":1}}}
,"C:\\Users\\Julio A\\Documents\\DUOC\\Desarrollo Frontend II\\Experiencia de aprendizaje 3\\Semana 9\\veterinaria-cuidado-animal\\src\\components\\Layout.jsx": {"path":"C:\\Users\\Julio A\\Documents\\DUOC\\Desarrollo Frontend II\\Experiencia de aprendizaje 3\\Semana 9\\veterinaria-cuidado-animal\\src\\components\\Layout.jsx","statementMap":{"0":{"start":{"line":4,"column":15},"end":{"line":20,"column":null}},"1":{"start":{"line":5,"column":2},"end":{"line":18,"column":null}}},"fnMap":{"0":{"name":"(anonymous_0)","decl":{"start":{"line":4,"column":15},"end":{"line":4,"column":16}},"loc":{"start":{"line":4,"column":33},"end":{"line":20,"column":null}},"line":4}},"branchMap":{},"s":{"0":1,"1":1},"f":{"0":1},"b":{},"meta":{"lastBranch":0,"lastFunction":1,"lastStatement":2,"seen":{"s:4:15:20:Infinity":0,"f:4:15:4:16":0,"s:5:2:18:Infinity":1}}}
,"C:\\Users\\Julio A\\Documents\\DUOC\\Desarrollo Frontend II\\Experiencia de aprendizaje 3\\Semana 9\\veterinaria-cuidado-animal\\src\\pages\\AppointmentDetail.jsx": {"path":"C:\\Users\\Julio A\\Documents\\DUOC\\Desarrollo Frontend II\\Experiencia de aprendizaje 3\\Semana 9\\veterinaria-cuidado-animal\\src\\pages\\AppointmentDetail.jsx","statementMap":{"0":{"start":{"line":5,"column":13},"end":{"line":5,"column":null}},"1":{"start":{"line":6,"column":36},"end":{"line":6,"column":null}},"2":{"start":{"line":7,"column":28},"end":{"line":7,"column":null}},"3":{"start":{"line":8,"column":24},"end":{"line":8,"column":null}},"4":{"start":{"line":10,"column":2},"end":{"line":27,"column":null}},"5":{"start":{"line":11,"column":4},"end":{"line":11,"column":null}},"6":{"start":{"line":12,"column":4},"end":{"line":12,"column":null}},"7":{"start":{"line":14,"column":4},"end":{"line":26,"column":null}},"8":{"start":{"line":16,"column":8},"end":{"line":16,"column":null}},"9":{"start":{"line":16,"column":21},"end":{"line":16,"column":null}},"10":{"start":{"line":17,"column":8},"end":{"line":17,"column":null}},"11":{"start":{"line":20,"column":8},"end":{"line":20,"column":null}},"12":{"start":{"line":21,"column":8},"end":{"line":21,"column":null}},"13":{"start":{"line":24,"column":8},"end":{"line":24,"column":null}},"14":{"start":{"line":25,"column":8},"end":{"line":25,"column":null}},"15":{"start":{"line":29,"column":2},"end":{"line":29,"column":null}},"16":{"start":{"line":29,"column":15},"end":{"line":29,"column":null}},"17":{"start":{"line":30,"column":2},"end":{"line":30,"column":null}},"18":{"start":{"line":30,"column":13},"end":{"line":30,"column":null}},"19":{"start":{"line":32,"column":2},"end":{"line":54,"column":null}}},"fnMap":{"0":{"name":"AppointmentDetail","decl":{"start":{"line":4,"column":24},"end":{"line":4,"column":44}},"loc":{"start":{"line":4,"column":44},"end":{"line":56,"column":null}},"line":4},"1":{"name":"(anonymous_1)","decl":{"start":{"line":10,"column":12},"end":{"line":10,"column":18}},"loc":{"start":{"line":10,"column":18},"end":{"line":27,"column":5}},"line":10},"2":{"name":"(anonymous_2)","decl":{"start":{"line":15,"column":12},"end":{"line":15,"column":19}},"loc":{"start":{"line":15,"column":19},"end":{"line":18,"column":7}},"line":15},"3":{"name":"(anonymous_3)","decl":{"start":{"line":19,"column":12},"end":{"line":19,"column":20}},"loc":{"start":{"line":19,"column":20},"end":{"line":22,"column":7}},"line":19},"4":{"name":"(anonymous_4)","decl":{"start":{"line":23,"column":13},"end":{"line":23,"column":20}},"loc":{"start":{"line":23,"column":20},"end":{"line":26,"column":7}},"line":23}},"branchMap":{"0":{"loc":{"start":{"line":16,"column":8},"end":{"line":16,"column":null}},"type":"if","locations":[{"start":{"line":16,"column":8},"end":{"line":16,"column":null}},{"start":{},"end":{}}],"line":16},"1":{"loc":{"start":{"line":29,"column":2},"end":{"line":29,"column":null}},"type":"if","locations":[{"start":{"line":29,"column":2},"end":{"line":29,"column":null}},{"start":{},"end":{}}],"line":29},"2":{"loc":{"start":{"line":30,"column":2},"end":{"line":30,"column":null}},"type":"if","locations":[{"start":{"line":30,"column":2},"end":{"line":30,"column":null}},{"start":{},"end":{}}],"line":30}},"s":{"0":1,"1":1,"2":1,"3":1,"4":1,"5":1,"6":1,"7":1,"8":0,"9":0,"10":0,"11":0,"12":0,"13":1,"14":1,"15":1,"16":1,"17":0,"18":0,"19":0},"f":{"0":1,"1":1,"2":0,"3":0,"4":1},"b":{"0":[0,0],"1":[1,0],"2":[0,0]},"meta":{"lastBranch":3,"lastFunction":5,"lastStatement":20,"seen":{"f:4:24:4:44":0,"s:5:13:5:Infinity":0,"s:6:36:6:Infinity":1,"s:7:28:7:Infinity":2,"s:8:24:8:Infinity":3,"s:10:2:27:Infinity":4,"f:10:12:10:18":1,"s:11:4:11:Infinity":5,"s:12:4:12:Infinity":6,"s:14:4:26:Infinity":7,"f:15:12:15:19":2,"b:16:8:16:Infinity:undefined:undefined:undefined:undefined":0,"s:16:8:16:Infinity":8,"s:16:21:16:Infinity":9,"s:17:8:17:Infinity":10,"f:19:12:19:20":3,"s:20:8:20:Infinity":11,"s:21:8:21:Infinity":12,"f:23:13:23:20":4,"s:24:8:24:Infinity":13,"s:25:8:25:Infinity":14,"b:29:2:29:Infinity:undefined:undefined:undefined:undefined":1,"s:29:2:29:Infinity":15,"s:29:15:29:Infinity":16,"b:30:2:30:Infinity:undefined:undefined:undefined:undefined":2,"s:30:2:30:Infinity":17,"s:30:13:30:Infinity":18,"s:32:2:54:Infinity":19}}}
,"C:\\Users\\Julio A\\Documents\\DUOC\\Desarrollo Frontend II\\Experiencia de aprendizaje 3\\Semana 9\\veterinaria-cuidado-animal\\src\\pages\\Home.jsx": {"path":"C:\\Users\\Julio A\\Documents\\DUOC\\Desarrollo Frontend II\\Experiencia de aprendizaje 3\\Semana 9\\veterinaria-cuidado-animal\\src\\pages\\Home.jsx","statementMap":{"0":{"start":{"line":5,"column":38},"end":{"line":5,"column":null}},"1":{"start":{"line":6,"column":28},"end":{"line":6,"column":null}},"2":{"start":{"line":7,"column":24},"end":{"line":7,"column":null}},"3":{"start":{"line":9,"column":2},"end":{"line":23,"column":null}},"4":{"start":{"line":10,"column":4},"end":{"line":22,"column":null}},"5":{"start":{"line":12,"column":8},"end":{"line":12,"column":null}},"6":{"start":{"line":12,"column":21},"end":{"line":12,"column":null}},"7":{"start":{"line":13,"column":8},"end":{"line":13,"column":null}},"8":{"start":{"line":16,"column":8},"end":{"line":16,"column":null}},"9":{"start":{"line":17,"column":8},"end":{"line":17,"column":null}},"10":{"start":{"line":20,"column":8},"end":{"line":20,"column":null}},"11":{"start":{"line":21,"column":8},"end":{"line":21,"column":null}},"12":{"start":{"line":25,"column":2},"end":{"line":25,"column":null}},"13":{"start":{"line":25,"column":15},"end":{"line":25,"column":null}},"14":{"start":{"line":26,"column":2},"end":{"line":26,"column":null}},"15":{"start":{"line":26,"column":13},"end":{"line":26,"column":null}},"16":{"start":{"line":28,"column":29},"end":{"line":30,"column":null}},"17":{"start":{"line":29,"column":14},"end":{"line":29,"column":null}},"18":{"start":{"line":32,"column":2},"end":{"line":72,"column":null}},"19":{"start":{"line":40,"column":12},"end":{"line":64,"column":null}}},"fnMap":{"0":{"name":"Home","decl":{"start":{"line":4,"column":24},"end":{"line":4,"column":31}},"loc":{"start":{"line":4,"column":31},"end":{"line":74,"column":null}},"line":4},"1":{"name":"(anonymous_1)","decl":{"start":{"line":9,"column":12},"end":{"line":9,"column":18}},"loc":{"start":{"line":9,"column":18},"end":{"line":23,"column":5}},"line":9},"2":{"name":"(anonymous_2)","decl":{"start":{"line":11,"column":12},"end":{"line":11,"column":19}},"loc":{"start":{"line":11,"column":19},"end":{"line":14,"column":7}},"line":11},"3":{"name":"(anonymous_3)","decl":{"start":{"line":15,"column":12},"end":{"line":15,"column":20}},"loc":{"start":{"line":15,"column":20},"end":{"line":18,"column":7}},"line":15},"4":{"name":"(anonymous_4)","decl":{"start":{"line":19,"column":13},"end":{"line":19,"column":20}},"loc":{"start":{"line":19,"column":20},"end":{"line":22,"column":7}},"line":19},"5":{"name":"(anonymous_5)","decl":{"start":{"line":29,"column":4},"end":{"line":29,"column":5}},"loc":{"start":{"line":29,"column":14},"end":{"line":29,"column":null}},"line":29},"6":{"name":"(anonymous_6)","decl":{"start":{"line":39,"column":34},"end":{"line":39,"column":null}},"loc":{"start":{"line":40,"column":12},"end":{"line":64,"column":null}},"line":40}},"branchMap":{"0":{"loc":{"start":{"line":12,"column":8},"end":{"line":12,"column":null}},"type":"if","locations":[{"start":{"line":12,"column":8},"end":{"line":12,"column":null}},{"start":{},"end":{}}],"line":12},"1":{"loc":{"start":{"line":25,"column":2},"end":{"line":25,"column":null}},"type":"if","locations":[{"start":{"line":25,"column":2},"end":{"line":25,"column":null}},{"start":{},"end":{}}],"line":25},"2":{"loc":{"start":{"line":26,"column":2},"end":{"line":26,"column":null}},"type":"if","locations":[{"start":{"line":26,"column":2},"end":{"line":26,"column":null}},{"start":{},"end":{}}],"line":26},"3":{"loc":{"start":{"line":52,"column":22},"end":{"line":56,"column":null}},"type":"cond-expr","locations":[{"start":{"line":53,"column":26},"end":{"line":53,"column":null}},{"start":{"line":54,"column":26},"end":{"line":56,"column":null}}],"line":52},"4":{"loc":{"start":{"line":54,"column":26},"end":{"line":56,"column":null}},"type":"cond-expr","locations":[{"start":{"line":55,"column":26},"end":{"line":55,"column":null}},{"start":{"line":56,"column":26},"end":{"line":56,"column":null}}],"line":54}},"s":{"0":2,"1":2,"2":2,"3":2,"4":1,"5":1,"6":0,"7":1,"8":1,"9":1,"10":0,"11":0,"12":2,"13":1,"14":1,"15":0,"16":1,"17":0,"18":1,"19":1},"f":{"0":2,"1":1,"2":1,"3":1,"4":0,"5":0,"6":1},"b":{"0":[0,1],"1":[1,1],"2":[0,1],"3":[1,0],"4":[0,0]},"meta":{"lastBranch":5,"lastFunction":7,"lastStatement":20,"seen":{"f:4:24:4:31":0,"s:5:38:5:Infinity":0,"s:6:28:6:Infinity":1,"s:7:24:7:Infinity":2,"s:9:2:23:Infinity":3,"f:9:12:9:18":1,"s:10:4:22:Infinity":4,"f:11:12:11:19":2,"b:12:8:12:Infinity:undefined:undefined:undefined:undefined":0,"s:12:8:12:Infinity":5,"s:12:21:12:Infinity":6,"s:13:8:13:Infinity":7,"f:15:12:15:20":3,"s:16:8:16:Infinity":8,"s:17:8:17:Infinity":9,"f:19:13:19:20":4,"s:20:8:20:Infinity":10,"s:21:8:21:Infinity":11,"b:25:2:25:Infinity:undefined:undefined:undefined:undefined":1,"s:25:2:25:Infinity":12,"s:25:15:25:Infinity":13,"b:26:2:26:Infinity:undefined:undefined:undefined:undefined":2,"s:26:2:26:Infinity":14,"s:26:13:26:Infinity":15,"s:28:29:30:Infinity":16,"f:29:4:29:5":5,"s:29:14:29:Infinity":17,"s:32:2:72:Infinity":18,"f:39:34:39:Infinity":6,"s:40:12:64:Infinity":19,"b:53:26:53:Infinity:54:26:56:Infinity":3,"b:55:26:55:Infinity:56:26:56:Infinity":4}}}
}
