{"C:\\Users\\Julio A\\Documents\\DUOC\\Desarrollo Frontend II\\Experiencia de aprendizaje 3\\Semana 9\\veterinaria-cuidado-animal\\src\\components\\ClientCard.jsx": {"path":"C:\\Users\\Julio A\\Documents\\DUOC\\Desarrollo Frontend II\\Experiencia de aprendizaje 3\\Semana 9\\veterinaria-cuidado-animal\\src\\components\\ClientCard.jsx","statementMap":{"0":{"start":{"line":4,"column":19},"end":{"line":24,"column":null}},"1":{"start":{"line":5,"column":2},"end":{"line":22,"column":null}}},"fnMap":{"0":{"name":"(anonymous_0)","decl":{"start":{"line":4,"column":19},"end":{"line":4,"column":20}},"loc":{"start":{"line":4,"column":40},"end":{"line":24,"column":null}},"line":4}},"branchMap":{},"s":{"0":1,"1":2},"f":{"0":2},"b":{},"meta":{"lastBranch":0,"lastFunction":1,"lastStatement":2,"seen":{"s:4:19:24:Infinity":0,"f:4:19:4:20":0,"s:5:2:22:Infinity":1}}}
,"C:\\Users\\Julio A\\Documents\\DUOC\\Desarrollo Frontend II\\Experiencia de aprendizaje 3\\Semana 9\\veterinaria-cuidado-animal\\src\\components\\Layout.jsx": {"path":"C:\\Users\\Julio A\\Documents\\DUOC\\Desarrollo Frontend II\\Experiencia de aprendizaje 3\\Semana 9\\veterinaria-cuidado-animal\\src\\components\\Layout.jsx","statementMap":{"0":{"start":{"line":4,"column":15},"end":{"line":20,"column":null}},"1":{"start":{"line":5,"column":2},"end":{"line":18,"column":null}}},"fnMap":{"0":{"name":"(anonymous_0)","decl":{"start":{"line":4,"column":15},"end":{"line":4,"column":16}},"loc":{"start":{"line":4,"column":33},"end":{"line":20,"column":null}},"line":4}},"branchMap":{},"s":{"0":1,"1":1},"f":{"0":1},"b":{},"meta":{"lastBranch":0,"lastFunction":1,"lastStatement":2,"seen":{"s:4:15:20:Infinity":0,"f:4:15:4:16":0,"s:5:2:18:Infinity":1}}}
,"C:\\Users\\Julio A\\Documents\\DUOC\\Desarrollo Frontend II\\Experiencia de aprendizaje 3\\Semana 9\\veterinaria-cuidado-animal\\src\\pages\\AppointmentDetail.jsx": {"path":"C:\\Users\\Julio A\\Documents\\DUOC\\Desarrollo Frontend II\\Experiencia de aprendizaje 3\\Semana 9\\veterinaria-cuidado-animal\\src\\pages\\AppointmentDetail.jsx","statementMap":{"0":{"start":{"line":6,"column":13},"end":{"line":6,"column":null}},"1":{"start":{"line":7,"column":36},"end":{"line":7,"column":null}},"2":{"start":{"line":8,"column":28},"end":{"line":8,"column":null}},"3":{"start":{"line":9,"column":24},"end":{"line":9,"column":null}},"4":{"start":{"line":11,"column":2},"end":{"line":24,"column":null}},"5":{"start":{"line":12,"column":4},"end":{"line":12,"column":null}},"6":{"start":{"line":13,"column":4},"end":{"line":13,"column":null}},"7":{"start":{"line":15,"column":4},"end":{"line":23,"column":null}},"8":{"start":{"line":17,"column":8},"end":{"line":17,"column":null}},"9":{"start":{"line":18,"column":8},"end":{"line":18,"column":null}},"10":{"start":{"line":21,"column":8},"end":{"line":21,"column":null}},"11":{"start":{"line":22,"column":8},"end":{"line":22,"column":null}},"12":{"start":{"line":26,"column":2},"end":{"line":26,"column":null}},"13":{"start":{"line":26,"column":15},"end":{"line":26,"column":null}},"14":{"start":{"line":27,"column":2},"end":{"line":27,"column":null}},"15":{"start":{"line":27,"column":13},"end":{"line":27,"column":null}},"16":{"start":{"line":29,"column":2},"end":{"line":57,"column":null}}},"fnMap":{"0":{"name":"AppointmentDetail","decl":{"start":{"line":5,"column":24},"end":{"line":5,"column":44}},"loc":{"start":{"line":5,"column":44},"end":{"line":59,"column":null}},"line":5},"1":{"name":"(anonymous_1)","decl":{"start":{"line":11,"column":12},"end":{"line":11,"column":18}},"loc":{"start":{"line":11,"column":18},"end":{"line":24,"column":5}},"line":11},"2":{"name":"(anonymous_2)","decl":{"start":{"line":16,"column":12},"end":{"line":16,"column":20}},"loc":{"start":{"line":16,"column":20},"end":{"line":19,"column":7}},"line":16},"3":{"name":"(anonymous_3)","decl":{"start":{"line":20,"column":13},"end":{"line":20,"column":20}},"loc":{"start":{"line":20,"column":20},"end":{"line":23,"column":7}},"line":20}},"branchMap":{"0":{"loc":{"start":{"line":26,"column":2},"end":{"line":26,"column":null}},"type":"if","locations":[{"start":{"line":26,"column":2},"end":{"line":26,"column":null}},{"start":{},"end":{}}],"line":26},"1":{"loc":{"start":{"line":27,"column":2},"end":{"line":27,"column":null}},"type":"if","locations":[{"start":{"line":27,"column":2},"end":{"line":27,"column":null}},{"start":{},"end":{}}],"line":27}},"s":{"0":1,"1":1,"2":1,"3":1,"4":1,"5":1,"6":1,"7":1,"8":0,"9":0,"10":0,"11":0,"12":1,"13":1,"14":0,"15":0,"16":0},"f":{"0":1,"1":1,"2":0,"3":0},"b":{"0":[1,0],"1":[0,0]},"meta":{"lastBranch":2,"lastFunction":4,"lastStatement":17,"seen":{"f:5:24:5:44":0,"s:6:13:6:Infinity":0,"s:7:36:7:Infinity":1,"s:8:28:8:Infinity":2,"s:9:24:9:Infinity":3,"s:11:2:24:Infinity":4,"f:11:12:11:18":1,"s:12:4:12:Infinity":5,"s:13:4:13:Infinity":6,"s:15:4:23:Infinity":7,"f:16:12:16:20":2,"s:17:8:17:Infinity":8,"s:18:8:18:Infinity":9,"f:20:13:20:20":3,"s:21:8:21:Infinity":10,"s:22:8:22:Infinity":11,"b:26:2:26:Infinity:undefined:undefined:undefined:undefined":0,"s:26:2:26:Infinity":12,"s:26:15:26:Infinity":13,"b:27:2:27:Infinity:undefined:undefined:undefined:undefined":1,"s:27:2:27:Infinity":14,"s:27:13:27:Infinity":15,"s:29:2:57:Infinity":16}}}
,"C:\\Users\\Julio A\\Documents\\DUOC\\Desarrollo Frontend II\\Experiencia de aprendizaje 3\\Semana 9\\veterinaria-cuidado-animal\\src\\pages\\Home.jsx": {"path":"C:\\Users\\Julio A\\Documents\\DUOC\\Desarrollo Frontend II\\Experiencia de aprendizaje 3\\Semana 9\\veterinaria-cuidado-animal\\src\\pages\\Home.jsx","statementMap":{"0":{"start":{"line":6,"column":38},"end":{"line":6,"column":null}},"1":{"start":{"line":7,"column":28},"end":{"line":7,"column":null}},"2":{"start":{"line":8,"column":24},"end":{"line":8,"column":null}},"3":{"start":{"line":10,"column":2},"end":{"line":20,"column":null}},"4":{"start":{"line":11,"column":4},"end":{"line":19,"column":null}},"5":{"start":{"line":13,"column":8},"end":{"line":13,"column":null}},"6":{"start":{"line":14,"column":8},"end":{"line":14,"column":null}},"7":{"start":{"line":17,"column":8},"end":{"line":17,"column":null}},"8":{"start":{"line":18,"column":8},"end":{"line":18,"column":null}},"9":{"start":{"line":22,"column":2},"end":{"line":22,"column":null}},"10":{"start":{"line":22,"column":15},"end":{"line":22,"column":null}},"11":{"start":{"line":23,"column":2},"end":{"line":23,"column":null}},"12":{"start":{"line":23,"column":13},"end":{"line":23,"column":null}},"13":{"start":{"line":25,"column":29},"end":{"line":27,"column":null}},"14":{"start":{"line":26,"column":14},"end":{"line":26,"column":null}},"15":{"start":{"line":29,"column":2},"end":{"line":74,"column":null}},"16":{"start":{"line":41,"column":12},"end":{"line":66,"column":null}}},"fnMap":{"0":{"name":"Home","decl":{"start":{"line":5,"column":24},"end":{"line":5,"column":31}},"loc":{"start":{"line":5,"column":31},"end":{"line":76,"column":null}},"line":5},"1":{"name":"(anonymous_1)","decl":{"start":{"line":10,"column":12},"end":{"line":10,"column":18}},"loc":{"start":{"line":10,"column":18},"end":{"line":20,"column":5}},"line":10},"2":{"name":"(anonymous_2)","decl":{"start":{"line":12,"column":12},"end":{"line":12,"column":20}},"loc":{"start":{"line":12,"column":20},"end":{"line":15,"column":7}},"line":12},"3":{"name":"(anonymous_3)","decl":{"start":{"line":16,"column":13},"end":{"line":16,"column":20}},"loc":{"start":{"line":16,"column":20},"end":{"line":19,"column":7}},"line":16},"4":{"name":"(anonymous_4)","decl":{"start":{"line":26,"column":4},"end":{"line":26,"column":5}},"loc":{"start":{"line":26,"column":14},"end":{"line":26,"column":null}},"line":26},"5":{"name":"(anonymous_5)","decl":{"start":{"line":40,"column":34},"end":{"line":40,"column":null}},"loc":{"start":{"line":41,"column":12},"end":{"line":66,"column":null}},"line":41}},"branchMap":{"0":{"loc":{"start":{"line":22,"column":2},"end":{"line":22,"column":null}},"type":"if","locations":[{"start":{"line":22,"column":2},"end":{"line":22,"column":null}},{"start":{},"end":{}}],"line":22},"1":{"loc":{"start":{"line":23,"column":2},"end":{"line":23,"column":null}},"type":"if","locations":[{"start":{"line":23,"column":2},"end":{"line":23,"column":null}},{"start":{},"end":{}}],"line":23},"2":{"loc":{"start":{"line":54,"column":22},"end":{"line":58,"column":null}},"type":"cond-expr","locations":[{"start":{"line":55,"column":26},"end":{"line":55,"column":null}},{"start":{"line":56,"column":26},"end":{"line":58,"column":null}}],"line":54},"3":{"loc":{"start":{"line":56,"column":26},"end":{"line":58,"column":null}},"type":"cond-expr","locations":[{"start":{"line":57,"column":26},"end":{"line":57,"column":null}},{"start":{"line":58,"column":26},"end":{"line":58,"column":null}}],"line":56}},"s":{"0":2,"1":2,"2":2,"3":2,"4":1,"5":1,"6":1,"7":0,"8":0,"9":2,"10":1,"11":1,"12":1,"13":1,"14":5,"15":1,"16":6},"f":{"0":2,"1":1,"2":1,"3":0,"4":5,"5":6},"b":{"0":[1,1],"1":[0,1],"2":[4,2],"3":[2,0]},"meta":{"lastBranch":4,"lastFunction":6,"lastStatement":17,"seen":{"f:5:24:5:31":0,"s:6:38:6:Infinity":0,"s:7:28:7:Infinity":1,"s:8:24:8:Infinity":2,"s:10:2:20:Infinity":3,"f:10:12:10:18":1,"s:11:4:19:Infinity":4,"f:12:12:12:20":2,"s:13:8:13:Infinity":5,"s:14:8:14:Infinity":6,"f:16:13:16:20":3,"s:17:8:17:Infinity":7,"s:18:8:18:Infinity":8,"b:22:2:22:Infinity:undefined:undefined:undefined:undefined":0,"s:22:2:22:Infinity":9,"s:22:15:22:Infinity":10,"b:23:2:23:Infinity:undefined:undefined:undefined:undefined":1,"s:23:2:23:Infinity":11,"s:23:13:23:Infinity":12,"s:25:29:27:Infinity":13,"f:26:4:26:5":4,"s:26:14:26:Infinity":14,"s:29:2:74:Infinity":15,"f:40:34:40:Infinity":5,"s:41:12:66:Infinity":16,"b:55:26:55:Infinity:56:26:58:Infinity":2,"b:57:26:57:Infinity:58:26:58:Infinity":3}}}
,"C:\\Users\\Julio A\\Documents\\DUOC\\Desarrollo Frontend II\\Experiencia de aprendizaje 3\\Semana 9\\veterinaria-cuidado-animal\\src\\services\\appointmentsApi.js": {"path":"C:\\Users\\Julio A\\Documents\\DUOC\\Desarrollo Frontend II\\Experiencia de aprendizaje 3\\Semana 9\\veterinaria-cuidado-animal\\src\\services\\appointmentsApi.js","statementMap":{"0":{"start":{"line":1,"column":32},"end":{"line":86,"column":1}},"1":{"start":{"line":88,"column":33},"end":{"line":98,"column":1}},"2":{"start":{"line":89,"column":2},"end":{"line":97,"column":5}},"3":{"start":{"line":90,"column":4},"end":{"line":96,"column":12}},"4":{"start":{"line":91,"column":6},"end":{"line":95,"column":7}},"5":{"start":{"line":92,"column":8},"end":{"line":92,"column":62}},"6":{"start":{"line":92,"column":45},"end":{"line":92,"column":59}},"7":{"start":{"line":94,"column":8},"end":{"line":94,"column":34}},"8":{"start":{"line":100,"column":36},"end":{"line":109,"column":1}},"9":{"start":{"line":101,"column":2},"end":{"line":108,"column":5}},"10":{"start":{"line":102,"column":4},"end":{"line":107,"column":12}},"11":{"start":{"line":103,"column":26},"end":{"line":103,"column":65}},"12":{"start":{"line":103,"column":53},"end":{"line":103,"column":64}},"13":{"start":{"line":104,"column":6},"end":{"line":106,"column":50}}},"fnMap":{"0":{"name":"(anonymous_0)","decl":{"start":{"line":88,"column":33},"end":{"line":88,"column":38}},"loc":{"start":{"line":88,"column":48},"end":{"line":98,"column":1}},"line":88},"1":{"name":"(anonymous_1)","decl":{"start":{"line":89,"column":21},"end":{"line":89,"column":22}},"loc":{"start":{"line":89,"column":34},"end":{"line":97,"column":3}},"line":89},"2":{"name":"(anonymous_2)","decl":{"start":{"line":90,"column":15},"end":{"line":90,"column":16}},"loc":{"start":{"line":90,"column":21},"end":{"line":96,"column":5}},"line":90},"3":{"name":"(anonymous_3)","decl":{"start":{"line":92,"column":40},"end":{"line":92,"column":41}},"loc":{"start":{"line":92,"column":45},"end":{"line":92,"column":59}},"line":92},"4":{"name":"(anonymous_4)","decl":{"start":{"line":100,"column":36},"end":{"line":100,"column":41}},"loc":{"start":{"line":100,"column":50},"end":{"line":109,"column":1}},"line":100},"5":{"name":"(anonymous_5)","decl":{"start":{"line":101,"column":21},"end":{"line":101,"column":22}},"loc":{"start":{"line":101,"column":42},"end":{"line":108,"column":3}},"line":101},"6":{"name":"(anonymous_6)","decl":{"start":{"line":102,"column":15},"end":{"line":102,"column":16}},"loc":{"start":{"line":102,"column":21},"end":{"line":107,"column":5}},"line":102},"7":{"name":"(anonymous_7)","decl":{"start":{"line":103,"column":48},"end":{"line":103,"column":49}},"loc":{"start":{"line":103,"column":53},"end":{"line":103,"column":64}},"line":103}},"branchMap":{"0":{"loc":{"start":{"line":91,"column":6},"end":{"line":95,"column":7}},"type":"if","locations":[{"start":{"line":91,"column":6},"end":{"line":95,"column":7}},{"start":{"line":93,"column":13},"end":{"line":95,"column":7}}],"line":91},"1":{"loc":{"start":{"line":104,"column":6},"end":{"line":106,"column":49}},"type":"cond-expr","locations":[{"start":{"line":105,"column":10},"end":{"line":105,"column":30}},{"start":{"line":106,"column":10},"end":{"line":106,"column":49}}],"line":104}},"s":{"0":2,"1":2,"2":1,"3":1,"4":1,"5":0,"6":0,"7":1,"8":2,"9":1,"10":1,"11":0,"12":0,"13":0},"f":{"0":1,"1":1,"2":1,"3":0,"4":1,"5":1,"6":0,"7":0},"b":{"0":[0,1],"1":[0,0]},"meta":{"lastBranch":2,"lastFunction":8,"lastStatement":14,"seen":{"s:1:32:86:1":0,"s:88:33:98:1":1,"f:88:33:88:38":0,"s:89:2:97:5":2,"f:89:21:89:22":1,"s:90:4:96:12":3,"f:90:15:90:16":2,"b:91:6:95:7:93:13:95:7":0,"s:91:6:95:7":4,"s:92:8:92:62":5,"f:92:40:92:41":3,"s:92:45:92:59":6,"s:94:8:94:34":7,"s:100:36:109:1":8,"f:100:36:100:41":4,"s:101:2:108:5":9,"f:101:21:101:22":5,"s:102:4:107:12":10,"f:102:15:102:16":6,"s:103:26:103:65":11,"f:103:48:103:49":7,"s:103:53:103:64":12,"s:104:6:106:50":13,"b:105:10:105:30:106:10:106:49":1}}}
}
